{
  "stats": {
    "suites": 1,
    "tests": 1,
    "passes": 0,
    "pending": 0,
    "failures": 1,
    "start": "2022-08-17T06:46:26.646Z",
    "end": "2022-08-17T06:46:57.283Z",
    "duration": 30637,
    "testsRegistered": 1,
    "passPercent": 0,
    "pendingPercent": 0,
    "other": 0,
    "hasOther": false,
    "skipped": 0,
    "hasSkipped": false
  },
  "results": [
    {
      "uuid": "79d2d289-269d-46e9-91f7-06cd056197ad",
      "title": "",
      "fullFile": "cypress/integration/com.ezra/day03/02scroll.js",
      "file": "cypress/integration/com.ezra/day03/02scroll.js",
      "beforeHooks": [],
      "afterHooks": [],
      "tests": [],
      "suites": [
        {
          "uuid": "f7427b41-0771-4ebf-84b6-76198108aacc",
          "title": "scroll",
          "fullFile": "",
          "file": "",
          "beforeHooks": [],
          "afterHooks": [],
          "tests": [
            {
              "title": "scroll",
              "fullTitle": "scroll scroll",
              "timedOut": null,
              "duration": 30581,
              "state": "failed",
              "speed": null,
              "pass": false,
              "fail": true,
              "pending": false,
              "context": null,
              "code": "cy.visit(\"https://qa-environment.koalaresorthotels.com/\");\ncy.wait(2000); //* scrollIntoView() -> scrolls into view of given element\ncy.get(\".col-md-7 > .mb-4\").scrollIntoView();\ncy.wait(2000);\ncy.get(\":nth-child(9) > .container > .justify-content-center > .col-md-7 > h2\").scrollIntoView();\ncy.wait(2000);\ncy.get(\".col-md-7 > h2 > span\").scrollIntoView();\ncy.wait(2000); //* scrollTo('bottom') -> scrolls to the bottom of the page\ncy.scrollTo(\"bottom\");\ncy.wait(2000); //* scrollTo('top) -> scrolls to the top of the page\ncy.scrollTo(\"top\");\ncy.wait(2000); //* scrollTo(x,y) -> scrolls to the given x-y coordinates\ncy.scrollTo(0, 1000); //1000px down\ncy.wait(2000);\ncy.scrollTo(0, -500); //500px up\ncy.wait(2000);",
              "err": {
                "message": "CypressError: `cy.visit()` failed trying to load:\n\nhttps://qa-environment.koalaresorthotels.com/\n\nWe attempted to make an http request to this URL but the request failed without a response.\n\nWe received this error at the network level:\n\n  > Error: ESOCKETTIMEDOUT\n\nCommon situations why this would fail:\n  - you don't have internet access\n  - you forgot to run / boot your web server\n  - your web server isn't accessible\n  - you have weird network configuration settings on your computer",
                "estack": "CypressError: `cy.visit()` failed trying to load:\n\nhttps://qa-environment.koalaresorthotels.com/\n\nWe attempted to make an http request to this URL but the request failed without a response.\n\nWe received this error at the network level:\n\n  > Error: ESOCKETTIMEDOUT\n\nCommon situations why this would fail:\n  - you don't have internet access\n  - you forgot to run / boot your web server\n  - your web server isn't accessible\n  - you have weird network configuration settings on your computer\n    at http://localhost:1118/__cypress/runner/cypress_runner.js:163608:82\n    at visitFailedByErr (http://localhost:1118/__cypress/runner/cypress_runner.js:162912:12)\n    at http://localhost:1118/__cypress/runner/cypress_runner.js:163607:11\n    at tryCatcher (http://localhost:1118/__cypress/runner/cypress_runner.js:13022:23)\n    at Promise._settlePromiseFromHandler (http://localhost:1118/__cypress/runner/cypress_runner.js:10957:31)\n    at Promise._settlePromise (http://localhost:1118/__cypress/runner/cypress_runner.js:11014:18)\n    at Promise._settlePromise0 (http://localhost:1118/__cypress/runner/cypress_runner.js:11059:10)\n    at Promise._settlePromises (http://localhost:1118/__cypress/runner/cypress_runner.js:11135:18)\n    at _drainQueueStep (http://localhost:1118/__cypress/runner/cypress_runner.js:7729:12)\n    at _drainQueue (http://localhost:1118/__cypress/runner/cypress_runner.js:7722:9)\n    at Async.../../node_modules/bluebird/js/release/async.js.Async._drainQueues (http://localhost:1118/__cypress/runner/cypress_runner.js:7738:5)\n    at Async.drainQueues (http://localhost:1118/__cypress/runner/cypress_runner.js:7608:14)\nFrom Your Spec Code:\n    at Context.eval (http://localhost:1118/__cypress/tests?p=cypress\\integration\\com.ezra\\day03\\02scroll.js:101:8)\n\nFrom Node.js Internals:\n  Error: ESOCKETTIMEDOUT\n      at ClientRequest.<anonymous> (C:\\Users\\ezraa\\AppData\\Local\\Cypress\\Cache\\9.7.0\\Cypress\\resources\\app\\node_modules\\@cypress\\request\\request.js:808:19)\n      at Object.onceWrapper (node:events:509:28)\n      at ClientRequest.emit (node:events:390:28)\n      at TLSSocket.emitRequestTimeout (node:_http_client:763:9)\n      at Object.onceWrapper (node:events:509:28)\n      at TLSSocket.emit (node:events:402:35)\n      at TLSSocket.Socket._onTimeout (node:net:501:8)\n      at listOnTimeout (node:internal/timers:557:17)\n      at processTimers (node:internal/timers:500:7)\n  ",
                "diff": null
              },
              "uuid": "aacaaf19-12f0-4695-b4be-b9c6d848c518",
              "parentUUID": "f7427b41-0771-4ebf-84b6-76198108aacc",
              "isHook": false,
              "skipped": false
            }
          ],
          "suites": [],
          "passes": [],
          "failures": [
            "aacaaf19-12f0-4695-b4be-b9c6d848c518"
          ],
          "pending": [],
          "skipped": [],
          "duration": 30581,
          "root": false,
          "rootEmpty": false,
          "_timeout": 2000
        }
      ],
      "passes": [],
      "failures": [],
      "pending": [],
      "skipped": [],
      "duration": 0,
      "root": true,
      "rootEmpty": true,
      "_timeout": 2000
    }
  ],
  "meta": {
    "mocha": {
      "version": "7.0.1"
    },
    "mochawesome": {
      "options": {
        "quiet": false,
        "reportFilename": "[status]_[datetime]-[name]-report",
        "saveHtml": true,
        "saveJson": true,
        "consoleReporter": "spec",
        "useInlineDiffs": false,
        "code": true
      },
      "version": "7.1.3"
    },
    "marge": {
      "options": {
        "reportDir": "cypress/reports",
        "reportFilename": "[status]_[datetime]-[name]-report",
        "timestamp": "mediumDate",
        "overWrite": false,
        "html": true,
        "json": true,
        "charts": true
      },
      "version": "6.2.0"
    }
  }
}