{
  "stats": {
    "suites": 1,
    "tests": 1,
    "passes": 0,
    "pending": 0,
    "failures": 1,
    "start": "2022-08-17T06:44:55.870Z",
    "end": "2022-08-17T06:45:20.486Z",
    "duration": 24616,
    "testsRegistered": 1,
    "passPercent": 0,
    "pendingPercent": 0,
    "other": 0,
    "hasOther": false,
    "skipped": 0,
    "hasSkipped": false
  },
  "results": [
    {
      "uuid": "cd06615c-4341-4aad-92d9-4a3e56a90945",
      "title": "",
      "fullFile": "cypress/integration/com.ezra/day02/01crystalKey.js",
      "file": "cypress/integration/com.ezra/day02/01crystalKey.js",
      "beforeHooks": [],
      "afterHooks": [],
      "tests": [],
      "suites": [
        {
          "uuid": "9b8603a2-ebfd-4c62-892e-2548db6bcf72",
          "title": "Crystal Key hotel",
          "fullFile": "",
          "file": "",
          "beforeHooks": [],
          "afterHooks": [],
          "tests": [
            {
              "title": "Test 1",
              "fullTitle": "Crystal Key hotel Test 1",
              "timedOut": null,
              "duration": 24569,
              "state": "failed",
              "speed": null,
              "pass": false,
              "fail": true,
              "pending": false,
              "context": null,
              "code": "cy.visit(\"https://qa-environment.koalaresorthotels.com/\");\ncy.contains(\"Log in\").click(); //! ASSERT\n//*should('include', 'text') -> checks if the element contains given text\ncy.url().should(\"include\", \"Account/Logon\"); //*should('have.text', 'text') -> checks if the text attribute of element contains given text\ncy.get(\"#navLogon > .nav-link\").should(\"have.text\", \"Log in\"); //*should('be.visible') -> checks if the element is visible\ncy.get(\".row > .mb-4\").should(\"be.visible\"); //*should('eq', 'text') -> checks if the element's text is equals to the given text\ncy.title().should(\"eq\", \"KoalaResortHotels - Log in\"); //* should('include.text', 'text') -> checks if the text attribute of element contains given text\ncy.get(\".row > .mb-4\").should(\"include.text\", \"Log\");",
              "err": {
                "message": "CypressError: `cy.visit()` failed trying to load:\n\nhttps://qa-environment.koalaresorthotels.com/\n\nWe attempted to make an http request to this URL but the request failed without a response.\n\nWe received this error at the network level:\n\n  > Error: connect ECONNREFUSED 50.63.92.70:443\n\nCommon situations why this would fail:\n  - you don't have internet access\n  - you forgot to run / boot your web server\n  - your web server isn't accessible\n  - you have weird network configuration settings on your computer",
                "estack": "CypressError: `cy.visit()` failed trying to load:\n\nhttps://qa-environment.koalaresorthotels.com/\n\nWe attempted to make an http request to this URL but the request failed without a response.\n\nWe received this error at the network level:\n\n  > Error: connect ECONNREFUSED 50.63.92.70:443\n\nCommon situations why this would fail:\n  - you don't have internet access\n  - you forgot to run / boot your web server\n  - your web server isn't accessible\n  - you have weird network configuration settings on your computer\n    at http://localhost:1118/__cypress/runner/cypress_runner.js:163608:82\n    at visitFailedByErr (http://localhost:1118/__cypress/runner/cypress_runner.js:162912:12)\n    at http://localhost:1118/__cypress/runner/cypress_runner.js:163607:11\n    at tryCatcher (http://localhost:1118/__cypress/runner/cypress_runner.js:13022:23)\n    at Promise._settlePromiseFromHandler (http://localhost:1118/__cypress/runner/cypress_runner.js:10957:31)\n    at Promise._settlePromise (http://localhost:1118/__cypress/runner/cypress_runner.js:11014:18)\n    at Promise._settlePromise0 (http://localhost:1118/__cypress/runner/cypress_runner.js:11059:10)\n    at Promise._settlePromises (http://localhost:1118/__cypress/runner/cypress_runner.js:11135:18)\n    at _drainQueueStep (http://localhost:1118/__cypress/runner/cypress_runner.js:7729:12)\n    at _drainQueue (http://localhost:1118/__cypress/runner/cypress_runner.js:7722:9)\n    at Async.../../node_modules/bluebird/js/release/async.js.Async._drainQueues (http://localhost:1118/__cypress/runner/cypress_runner.js:7738:5)\n    at Async.drainQueues (http://localhost:1118/__cypress/runner/cypress_runner.js:7608:14)\nFrom Your Spec Code:\n    at Context.eval (http://localhost:1118/__cypress/tests?p=cypress\\integration\\com.ezra\\day02\\01crystalKey.js:101:8)\n\nFrom Node.js Internals:\n  Error: connect ECONNREFUSED 50.63.92.70:443\n      at TCPConnectWrap.afterConnect [as oncomplete] (node:net:1161:16)\n  ",
                "diff": null
              },
              "uuid": "cb332024-0495-4dd3-a6a4-8b3cde9d205d",
              "parentUUID": "9b8603a2-ebfd-4c62-892e-2548db6bcf72",
              "isHook": false,
              "skipped": false
            }
          ],
          "suites": [],
          "passes": [],
          "failures": [
            "cb332024-0495-4dd3-a6a4-8b3cde9d205d"
          ],
          "pending": [],
          "skipped": [],
          "duration": 24569,
          "root": false,
          "rootEmpty": false,
          "_timeout": 2000
        }
      ],
      "passes": [],
      "failures": [],
      "pending": [],
      "skipped": [],
      "duration": 0,
      "root": true,
      "rootEmpty": true,
      "_timeout": 2000
    }
  ],
  "meta": {
    "mocha": {
      "version": "7.0.1"
    },
    "mochawesome": {
      "options": {
        "quiet": false,
        "reportFilename": "[status]_[datetime]-[name]-report",
        "saveHtml": true,
        "saveJson": true,
        "consoleReporter": "spec",
        "useInlineDiffs": false,
        "code": true
      },
      "version": "7.1.3"
    },
    "marge": {
      "options": {
        "reportDir": "cypress/reports",
        "reportFilename": "[status]_[datetime]-[name]-report",
        "timestamp": "mediumDate",
        "overWrite": false,
        "html": true,
        "json": true,
        "charts": true
      },
      "version": "6.2.0"
    }
  }
}