{
  "stats": {
    "suites": 1,
    "tests": 1,
    "passes": 1,
    "pending": 0,
    "failures": 0,
    "start": "2022-08-19T01:50:36.921Z",
    "end": "2022-08-19T01:50:41.732Z",
    "duration": 4811,
    "testsRegistered": 1,
    "passPercent": 100,
    "pendingPercent": 0,
    "other": 0,
    "hasOther": false,
    "skipped": 0,
    "hasSkipped": false
  },
  "results": [
    {
      "uuid": "178f92c4-55b8-445c-ac9f-df70d759d77b",
      "title": "",
      "fullFile": "cypress/integration/smokeTest/02paylinn.js",
      "file": "cypress/integration/smokeTest/02paylinn.js",
      "beforeHooks": [],
      "afterHooks": [],
      "tests": [],
      "suites": [
        {
          "uuid": "796ba944-c0e7-42db-84a9-7f376f3b0604",
          "title": "Paylinn Bank",
          "fullFile": "",
          "file": "",
          "beforeHooks": [],
          "afterHooks": [],
          "tests": [
            {
              "title": "paylinn login test",
              "fullTitle": "Paylinn Bank paylinn login test",
              "timedOut": null,
              "duration": 3097,
              "state": "passed",
              "speed": "fast",
              "pass": true,
              "fail": false,
              "pending": false,
              "context": null,
              "code": "cy.visit('https://www.paylinn.com/');\ncy.contains('Hello').click();\ncy.get(':nth-child(1) > .MuiFormControl-root > .MuiInputBase-root > .MuiInputBase-input').type('User');\ncy.get(':nth-child(2) > .MuiFormControl-root > .MuiInputBase-root > .MuiInputBase-input').type('user');\ncy.get('.MuiButtonBase-root').click(); //* should('contain.text', 'text') -> asserts the element contains the given text\ncy.get('.header__nav > :nth-child(1) > .header__lineOne').should('contain.text', 'Welcome');",
              "err": {},
              "uuid": "8f035edc-a12d-418c-ac44-722bf82af619",
              "parentUUID": "796ba944-c0e7-42db-84a9-7f376f3b0604",
              "isHook": false,
              "skipped": false
            }
          ],
          "suites": [],
          "passes": [
            "8f035edc-a12d-418c-ac44-722bf82af619"
          ],
          "failures": [],
          "pending": [],
          "skipped": [],
          "duration": 3097,
          "root": false,
          "rootEmpty": false,
          "_timeout": 2000
        }
      ],
      "passes": [],
      "failures": [],
      "pending": [],
      "skipped": [],
      "duration": 0,
      "root": true,
      "rootEmpty": true,
      "_timeout": 2000
    }
  ],
  "meta": {
    "mocha": {
      "version": "7.0.1"
    },
    "mochawesome": {
      "options": {
        "quiet": false,
        "reportFilename": "[status]-[name]-report",
        "saveHtml": true,
        "saveJson": true,
        "consoleReporter": "spec",
        "useInlineDiffs": false,
        "code": true
      },
      "version": "7.1.3"
    },
    "marge": {
      "options": {
        "reportDir": "cypress/reports",
        "reportFilename": "[status]-[name]-report",
        "overwrite": false,
        "html": true,
        "json": true,
        "charts": true
      },
      "version": "6.2.0"
    }
  }
}