{
  "stats": {
    "suites": 1,
    "tests": 1,
    "passes": 1,
    "pending": 0,
    "failures": 0,
    "start": "2022-08-17T06:47:31.307Z",
    "end": "2022-08-17T06:47:36.505Z",
    "duration": 5198,
    "testsRegistered": 1,
    "passPercent": 100,
    "pendingPercent": 0,
    "other": 0,
    "hasOther": false,
    "skipped": 0,
    "hasSkipped": false
  },
  "results": [
    {
      "uuid": "f073592f-90e6-4a4a-8d3d-55124154f817",
      "title": "",
      "fullFile": "cypress/integration/com.ezra/day04/03multipleWindows.js",
      "file": "cypress/integration/com.ezra/day04/03multipleWindows.js",
      "beforeHooks": [],
      "afterHooks": [],
      "tests": [],
      "suites": [
        {
          "uuid": "6e5c810e-65a7-4ed9-b85f-d7e8bc119599",
          "title": "multiple windows",
          "fullFile": "",
          "file": "",
          "beforeHooks": [],
          "afterHooks": [],
          "tests": [
            {
              "title": "opening in new tab",
              "fullTitle": "multiple windows opening in new tab",
              "timedOut": null,
              "duration": 3668,
              "state": "passed",
              "speed": "fast",
              "pass": true,
              "fail": false,
              "pending": false,
              "context": null,
              "code": "cy.visit('https://the-internet.herokuapp.com/windows');\ncy.wait(3000); //* then(() => {}) -> takes and holds element\n//* prop('attribute') -> takes the value of given attribute\ncy.get('.example > a').then(element => {\n  const newURL = element.prop('href');\n  cy.visit(newURL);\n});\ncy.get('h3').should('have.text', 'New Window');",
              "err": {},
              "uuid": "d043ce55-283a-48bf-8dd5-bdda02fb2937",
              "parentUUID": "6e5c810e-65a7-4ed9-b85f-d7e8bc119599",
              "isHook": false,
              "skipped": false
            }
          ],
          "suites": [],
          "passes": [
            "d043ce55-283a-48bf-8dd5-bdda02fb2937"
          ],
          "failures": [],
          "pending": [],
          "skipped": [],
          "duration": 3668,
          "root": false,
          "rootEmpty": false,
          "_timeout": 2000
        }
      ],
      "passes": [],
      "failures": [],
      "pending": [],
      "skipped": [],
      "duration": 0,
      "root": true,
      "rootEmpty": true,
      "_timeout": 2000
    }
  ],
  "meta": {
    "mocha": {
      "version": "7.0.1"
    },
    "mochawesome": {
      "options": {
        "quiet": false,
        "reportFilename": "[status]_[datetime]-[name]-report",
        "saveHtml": true,
        "saveJson": true,
        "consoleReporter": "spec",
        "useInlineDiffs": false,
        "code": true
      },
      "version": "7.1.3"
    },
    "marge": {
      "options": {
        "reportDir": "cypress/reports",
        "reportFilename": "[status]_[datetime]-[name]-report",
        "timestamp": "mediumDate",
        "overWrite": false,
        "html": true,
        "json": true,
        "charts": true
      },
      "version": "6.2.0"
    }
  }
}