{
  "stats": {
    "suites": 1,
    "tests": 5,
    "passes": 5,
    "pending": 0,
    "failures": 0,
    "start": "2022-08-17T06:47:19.772Z",
    "end": "2022-08-17T06:47:23.524Z",
    "duration": 3752,
    "testsRegistered": 5,
    "passPercent": 100,
    "pendingPercent": 0,
    "other": 0,
    "hasOther": false,
    "skipped": 0,
    "hasSkipped": false
  },
  "results": [
    {
      "uuid": "b2aefbdd-9a78-4c08-88b7-46c9cef411b3",
      "title": "",
      "fullFile": "cypress/integration/com.ezra/day04/01alerts.js",
      "file": "cypress/integration/com.ezra/day04/01alerts.js",
      "beforeHooks": [],
      "afterHooks": [],
      "tests": [],
      "suites": [
        {
          "uuid": "2e6373ab-5967-4d03-a481-9d7fbf6a1ab7",
          "title": "alerts",
          "fullFile": "",
          "file": "",
          "beforeHooks": [],
          "afterHooks": [],
          "tests": [
            {
              "title": "alert test",
              "fullTitle": "alerts alert test",
              "timedOut": null,
              "duration": 649,
              "state": "passed",
              "speed": "fast",
              "pass": true,
              "fail": false,
              "pending": false,
              "context": null,
              "code": "cy.visit('https://the-internet.herokuapp.com/javascript_alerts');\ncy.get(':nth-child(1) > button').click();\ncy.get('#result').should('have.text', 'You successfully clicked an alert');",
              "err": {},
              "uuid": "458d983f-a69a-48b3-9d67-bd84f716ec8f",
              "parentUUID": "2e6373ab-5967-4d03-a481-9d7fbf6a1ab7",
              "isHook": false,
              "skipped": false
            },
            {
              "title": "confirm alert",
              "fullTitle": "alerts confirm alert",
              "timedOut": null,
              "duration": 427,
              "state": "passed",
              "speed": "fast",
              "pass": true,
              "fail": false,
              "pending": false,
              "context": null,
              "code": "cy.visit('https://the-internet.herokuapp.com/javascript_alerts');\ncy.get(':nth-child(2) > button').click();\ncy.get('#result').should('have.text', 'You clicked: Ok');",
              "err": {},
              "uuid": "2bbf0f6b-f984-4aef-9026-9f0e2d2533f4",
              "parentUUID": "2e6373ab-5967-4d03-a481-9d7fbf6a1ab7",
              "isHook": false,
              "skipped": false
            },
            {
              "title": "dismiss alert",
              "fullTitle": "alerts dismiss alert",
              "timedOut": null,
              "duration": 294,
              "state": "passed",
              "speed": "fast",
              "pass": true,
              "fail": false,
              "pending": false,
              "context": null,
              "code": "cy.visit('https://the-internet.herokuapp.com/javascript_alerts');\ncy.get(':nth-child(2) > button').click(); //* on('window:confirm', (param) => {}) -> does not confirm the alert, clicks cancel because of 'return false'\ncy.on('window:confirm', str => {\n  return false;\n});\ncy.get('#result').should('have.text', `You clicked: Cancel`);",
              "err": {},
              "uuid": "b8bf79a6-cca4-436b-a391-9b975359ece5",
              "parentUUID": "2e6373ab-5967-4d03-a481-9d7fbf6a1ab7",
              "isHook": false,
              "skipped": false
            },
            {
              "title": "accept alert",
              "fullTitle": "alerts accept alert",
              "timedOut": null,
              "duration": 337,
              "state": "passed",
              "speed": "fast",
              "pass": true,
              "fail": false,
              "pending": false,
              "context": null,
              "code": "cy.visit('https://the-internet.herokuapp.com/javascript_alerts');\ncy.get(':nth-child(2) > button').click(); //* on('window:confirm', (param) => {}) -> confirms the alert, clicks ok because of 'return true'\ncy.on('window:confirm', str => {\n  return true;\n});\ncy.get('#result').should('have.text', `You clicked: Ok`);",
              "err": {},
              "uuid": "f95f51f3-7b28-4485-94e8-2c8de4c27339",
              "parentUUID": "2e6373ab-5967-4d03-a481-9d7fbf6a1ab7",
              "isHook": false,
              "skipped": false
            },
            {
              "title": "enter text to alert",
              "fullTitle": "alerts enter text to alert",
              "timedOut": null,
              "duration": 310,
              "state": "passed",
              "speed": "fast",
              "pass": true,
              "fail": false,
              "pending": false,
              "context": null,
              "code": "cy.visit('https://the-internet.herokuapp.com/javascript_alerts'); //* window() -> checks pop up windows\ncy.window() //* then(($windowElement) => {}) -> enters data to prompt\n.then($windowElement => {\n  cy.stub($windowElement, 'prompt').returns('Hi');\n  cy.get(':nth-child(3) > button').click();\n});\ncy.get('#result').should('have.text', `You entered: Hi`);",
              "err": {},
              "uuid": "9b0ee306-6a79-4313-8547-9a821f320b04",
              "parentUUID": "2e6373ab-5967-4d03-a481-9d7fbf6a1ab7",
              "isHook": false,
              "skipped": false
            }
          ],
          "suites": [],
          "passes": [
            "458d983f-a69a-48b3-9d67-bd84f716ec8f",
            "2bbf0f6b-f984-4aef-9026-9f0e2d2533f4",
            "b8bf79a6-cca4-436b-a391-9b975359ece5",
            "f95f51f3-7b28-4485-94e8-2c8de4c27339",
            "9b0ee306-6a79-4313-8547-9a821f320b04"
          ],
          "failures": [],
          "pending": [],
          "skipped": [],
          "duration": 2017,
          "root": false,
          "rootEmpty": false,
          "_timeout": 2000
        }
      ],
      "passes": [],
      "failures": [],
      "pending": [],
      "skipped": [],
      "duration": 0,
      "root": true,
      "rootEmpty": true,
      "_timeout": 2000
    }
  ],
  "meta": {
    "mocha": {
      "version": "7.0.1"
    },
    "mochawesome": {
      "options": {
        "quiet": false,
        "reportFilename": "[status]_[datetime]-[name]-report",
        "saveHtml": true,
        "saveJson": true,
        "consoleReporter": "spec",
        "useInlineDiffs": false,
        "code": true
      },
      "version": "7.1.3"
    },
    "marge": {
      "options": {
        "reportDir": "cypress/reports",
        "reportFilename": "[status]_[datetime]-[name]-report",
        "timestamp": "mediumDate",
        "overWrite": false,
        "html": true,
        "json": true,
        "charts": true
      },
      "version": "6.2.0"
    }
  }
}