{
  "stats": {
    "suites": 1,
    "tests": 1,
    "passes": 1,
    "pending": 0,
    "failures": 0,
    "start": "2022-08-17T06:46:18.007Z",
    "end": "2022-08-17T06:46:24.889Z",
    "duration": 6882,
    "testsRegistered": 1,
    "passPercent": 100,
    "pendingPercent": 0,
    "other": 0,
    "hasOther": false,
    "skipped": 0,
    "hasSkipped": false
  },
  "results": [
    {
      "uuid": "f05563e3-06e6-4d59-b513-6760166a146c",
      "title": "",
      "fullFile": "cypress/integration/com.ezra/day03/01hoverOver.js",
      "file": "cypress/integration/com.ezra/day03/01hoverOver.js",
      "beforeHooks": [],
      "afterHooks": [],
      "tests": [],
      "suites": [
        {
          "uuid": "679d0657-0757-4505-bb0e-4aaddf492a0f",
          "title": "hover over",
          "fullFile": "",
          "file": "",
          "beforeHooks": [],
          "afterHooks": [],
          "tests": [
            {
              "title": "move over",
              "fullTitle": "hover over move over",
              "timedOut": null,
              "duration": 4841,
              "state": "passed",
              "speed": "fast",
              "pass": true,
              "fail": false,
              "pending": false,
              "context": null,
              "code": "cy.visit(\"https://www.amazon.com/\"); //* trigger('mouseover') -> moves the cursor on top of the given element\ncy.get(\".icp-nav-link-inner > .nav-line-2 > .nav-icon\").trigger(\"mouseover\"); // change country/region\ncy.contains(\"Change country/region\").click(); // select canada\n//* {force: true} -> forces the action to happen, removes error risk if there is \ncy.get(\"#icp-dropdown\").select(\"Canada\", {\n  force: true\n});\n/* select() can't be used in the following webelement as its tag is not select\n    <span class=\"a-dropdown-prompt\">\n    United States\n    </span>\n*/",
              "err": {},
              "uuid": "44d1da34-6247-4774-8d93-4307ef22383d",
              "parentUUID": "679d0657-0757-4505-bb0e-4aaddf492a0f",
              "isHook": false,
              "skipped": false
            }
          ],
          "suites": [],
          "passes": [
            "44d1da34-6247-4774-8d93-4307ef22383d"
          ],
          "failures": [],
          "pending": [],
          "skipped": [],
          "duration": 4841,
          "root": false,
          "rootEmpty": false,
          "_timeout": 2000
        }
      ],
      "passes": [],
      "failures": [],
      "pending": [],
      "skipped": [],
      "duration": 0,
      "root": true,
      "rootEmpty": true,
      "_timeout": 2000
    }
  ],
  "meta": {
    "mocha": {
      "version": "7.0.1"
    },
    "mochawesome": {
      "options": {
        "quiet": false,
        "reportFilename": "[status]_[datetime]-[name]-report",
        "saveHtml": true,
        "saveJson": true,
        "consoleReporter": "spec",
        "useInlineDiffs": false,
        "code": true
      },
      "version": "7.1.3"
    },
    "marge": {
      "options": {
        "reportDir": "cypress/reports",
        "reportFilename": "[status]_[datetime]-[name]-report",
        "timestamp": "mediumDate",
        "overWrite": false,
        "html": true,
        "json": true,
        "charts": true
      },
      "version": "6.2.0"
    }
  }
}