{
  "stats": {
    "suites": 1,
    "tests": 1,
    "passes": 1,
    "pending": 0,
    "failures": 0,
    "start": "2022-08-17T07:17:01.177Z",
    "end": "2022-08-17T07:17:06.275Z",
    "duration": 5098,
    "testsRegistered": 1,
    "passPercent": 100,
    "pendingPercent": 0,
    "other": 0,
    "hasOther": false,
    "skipped": 0,
    "hasSkipped": false
  },
  "results": [
    {
      "uuid": "6739d4e8-e35d-4f0a-9754-7bf27f27f379",
      "title": "",
      "fullFile": "cypress/integration/com.ezra/day01/02loginTest.js",
      "file": "cypress/integration/com.ezra/day01/02loginTest.js",
      "beforeHooks": [],
      "afterHooks": [],
      "tests": [],
      "suites": [
        {
          "uuid": "2713e46d-7e3a-4d3b-bc1b-55b6217b2282",
          "title": "Crystal Key hotel",
          "fullFile": "",
          "file": "",
          "beforeHooks": [],
          "afterHooks": [],
          "tests": [
            {
              "title": "Test 1",
              "fullTitle": "Crystal Key hotel Test 1",
              "timedOut": null,
              "duration": 3079,
              "state": "passed",
              "speed": "fast",
              "pass": true,
              "fail": false,
              "pending": false,
              "context": null,
              "code": "cy.visit(\"https://qa-environment.koalaresorthotels.com/\"); //login\n//1. way: using open selector playground on the test page\n//* get() -> gets an element using css selector\ncy.get(\"#navLogon > .nav-link\").click(); //2. way: using text attribute of the element\n//* contains() -> gets an element using text attribute\ncy.contains(\"Log in\").click();",
              "err": {},
              "uuid": "b3a63c88-954f-4361-ada6-992381e2aafa",
              "parentUUID": "2713e46d-7e3a-4d3b-bc1b-55b6217b2282",
              "isHook": false,
              "skipped": false
            }
          ],
          "suites": [],
          "passes": [
            "b3a63c88-954f-4361-ada6-992381e2aafa"
          ],
          "failures": [],
          "pending": [],
          "skipped": [],
          "duration": 3079,
          "root": false,
          "rootEmpty": false,
          "_timeout": 2000
        }
      ],
      "passes": [],
      "failures": [],
      "pending": [],
      "skipped": [],
      "duration": 0,
      "root": true,
      "rootEmpty": true,
      "_timeout": 2000
    }
  ],
  "meta": {
    "mocha": {
      "version": "7.0.1"
    },
    "mochawesome": {
      "options": {
        "quiet": false,
        "reportFilename": "[status]-[name]-report",
        "saveHtml": true,
        "saveJson": true,
        "consoleReporter": "spec",
        "useInlineDiffs": false,
        "code": true
      },
      "version": "7.1.3"
    },
    "marge": {
      "options": {
        "reportDir": "cypress/reports",
        "reportFilename": "[status]-[name]-report",
        "overWrite": false,
        "html": true,
        "json": true,
        "charts": true
      },
      "version": "6.2.0"
    }
  }
}