{
  "stats": {
    "suites": 1,
    "tests": 2,
    "passes": 2,
    "pending": 0,
    "failures": 0,
    "start": "2022-08-17T06:47:38.132Z",
    "end": "2022-08-17T06:47:43.066Z",
    "duration": 4934,
    "testsRegistered": 2,
    "passPercent": 100,
    "pendingPercent": 0,
    "other": 0,
    "hasOther": false,
    "skipped": 0,
    "hasSkipped": false
  },
  "results": [
    {
      "uuid": "99538c91-e52e-4e0c-bc13-86985e2cba15",
      "title": "",
      "fullFile": "cypress/integration/com.ezra/day04/04dragAndDrop.js",
      "file": "cypress/integration/com.ezra/day04/04dragAndDrop.js",
      "beforeHooks": [],
      "afterHooks": [],
      "tests": [],
      "suites": [
        {
          "uuid": "c2d31fec-5b13-469f-b64b-75f4df67a5c5",
          "title": "drag and drop",
          "fullFile": "",
          "file": "",
          "beforeHooks": [],
          "afterHooks": [],
          "tests": [
            {
              "title": "title",
              "fullTitle": "drag and drop title",
              "timedOut": null,
              "duration": 2337,
              "state": "passed",
              "speed": "fast",
              "pass": true,
              "fail": false,
              "pending": false,
              "context": null,
              "code": "cy.visit('https://demo.guru99.com/test/simple_context_menu.html'); //* dblclick() -> double clicks\ncy.contains('Double-Click Me To See Alert').dblclick(); //* on('window:alert', () =>{}) -> gets into the alert\ncy.on('window:alert', str => {\n  //*  to.equal('text') -> checks if the text equals to the given text\n  expect(str).to.equal('You double clicked me.. Thank You..'); //*  to.eq('text') -> checks if the text equals to the given text\n  expect(str).to.eq('You double clicked me.. Thank You..'); //*  to.contain('text') -> checks if the text contains to the given text\n  expect(str).to.contain('You double clicked me..');\n}); //* rightclick() -> right clicks\ncy.get('.context-menu-one').rightclick();",
              "err": {},
              "uuid": "7e89b384-bf59-4309-8d4f-b5a085ae3eb7",
              "parentUUID": "c2d31fec-5b13-469f-b64b-75f4df67a5c5",
              "isHook": false,
              "skipped": false
            },
            {
              "title": "drag and drop",
              "fullTitle": "drag and drop drag and drop",
              "timedOut": null,
              "duration": 801,
              "state": "passed",
              "speed": "fast",
              "pass": true,
              "fail": false,
              "pending": false,
              "context": null,
              "code": "cy.visit('http://demo.guru99.com/test/drag_drop.html'); //* drag('locator') -> drags the element to the gicen locator ({ force: true } may be needed in some cases)\ncy.get(':nth-child(2) > .button') //? the element that will be dragged\n.drag('#amt7', {\n  force: true\n}); //? the place it should be dragged to",
              "err": {},
              "uuid": "ec54ea6f-a087-4c2d-8ef7-54d7dff77e2c",
              "parentUUID": "c2d31fec-5b13-469f-b64b-75f4df67a5c5",
              "isHook": false,
              "skipped": false
            }
          ],
          "suites": [],
          "passes": [
            "7e89b384-bf59-4309-8d4f-b5a085ae3eb7",
            "ec54ea6f-a087-4c2d-8ef7-54d7dff77e2c"
          ],
          "failures": [],
          "pending": [],
          "skipped": [],
          "duration": 3138,
          "root": false,
          "rootEmpty": false,
          "_timeout": 2000
        }
      ],
      "passes": [],
      "failures": [],
      "pending": [],
      "skipped": [],
      "duration": 0,
      "root": true,
      "rootEmpty": true,
      "_timeout": 2000
    }
  ],
  "meta": {
    "mocha": {
      "version": "7.0.1"
    },
    "mochawesome": {
      "options": {
        "quiet": false,
        "reportFilename": "[status]_[datetime]-[name]-report",
        "saveHtml": true,
        "saveJson": true,
        "consoleReporter": "spec",
        "useInlineDiffs": false,
        "code": true
      },
      "version": "7.1.3"
    },
    "marge": {
      "options": {
        "reportDir": "cypress/reports",
        "reportFilename": "[status]_[datetime]-[name]-report",
        "timestamp": "mediumDate",
        "overWrite": false,
        "html": true,
        "json": true,
        "charts": true
      },
      "version": "6.2.0"
    }
  }
}