{
  "stats": {
    "suites": 1,
    "tests": 2,
    "passes": 2,
    "pending": 0,
    "failures": 0,
    "start": "2022-08-17T06:44:24.505Z",
    "end": "2022-08-17T06:44:28.214Z",
    "duration": 3709,
    "testsRegistered": 2,
    "passPercent": 100,
    "pendingPercent": 0,
    "other": 0,
    "hasOther": false,
    "skipped": 0,
    "hasSkipped": false
  },
  "results": [
    {
      "uuid": "aa1b1d32-6bf7-4d63-b27b-d049339af9bb",
      "title": "",
      "fullFile": "cypress/integration/com.ezra/day01/01firstTest.js",
      "file": "cypress/integration/com.ezra/day01/01firstTest.js",
      "beforeHooks": [],
      "afterHooks": [],
      "tests": [],
      "suites": [
        {
          "uuid": "392bfefe-7750-4125-b11b-5688ad8b64e1",
          "title": "My First Test",
          "fullFile": "",
          "file": "",
          "beforeHooks": [],
          "afterHooks": [],
          "tests": [
            {
              "title": "URL Test",
              "fullTitle": "My First Test URL Test",
              "timedOut": null,
              "duration": 1177,
              "state": "passed",
              "speed": "fast",
              "pass": true,
              "fail": false,
              "pending": false,
              "context": null,
              "code": "//it('name', ()=> {test body})\n//*visit(): to go to a website -> go to google website\ncy.visit(\"https://www.google.com/\"); //*url(): for testing url\n//?should('include', 'text') -> does it include the given text?\ncy.url().should(\"include\", \"google\");\ncy.url().should(\"include\", \"google\", \"com\");\ncy.url().should(\"include\", \"//\");\ncy.url().should(\"include\", \"\");",
              "err": {},
              "uuid": "d619bc20-78c3-4bc7-ba8b-4bb5c7ae51f2",
              "parentUUID": "392bfefe-7750-4125-b11b-5688ad8b64e1",
              "isHook": false,
              "skipped": false
            },
            {
              "title": "Title Test",
              "fullTitle": "My First Test Title Test",
              "timedOut": null,
              "duration": 621,
              "state": "passed",
              "speed": "fast",
              "pass": true,
              "fail": false,
              "pending": false,
              "context": null,
              "code": "cy.visit(\"https://www.google.com/\"); //*title(): for testing title\n//?should('eq', 'text') -> is it equals to the given text?\ncy.title().should(\"eq\", \"Google\");",
              "err": {},
              "uuid": "94c4d369-2b84-477e-a136-68166df971b7",
              "parentUUID": "392bfefe-7750-4125-b11b-5688ad8b64e1",
              "isHook": false,
              "skipped": false
            }
          ],
          "suites": [],
          "passes": [
            "d619bc20-78c3-4bc7-ba8b-4bb5c7ae51f2",
            "94c4d369-2b84-477e-a136-68166df971b7"
          ],
          "failures": [],
          "pending": [],
          "skipped": [],
          "duration": 1798,
          "root": false,
          "rootEmpty": false,
          "_timeout": 2000
        }
      ],
      "passes": [],
      "failures": [],
      "pending": [],
      "skipped": [],
      "duration": 0,
      "root": true,
      "rootEmpty": true,
      "_timeout": 2000
    }
  ],
  "meta": {
    "mocha": {
      "version": "7.0.1"
    },
    "mochawesome": {
      "options": {
        "quiet": false,
        "reportFilename": "[status]_[datetime]-[name]-report",
        "saveHtml": true,
        "saveJson": true,
        "consoleReporter": "spec",
        "useInlineDiffs": false,
        "code": true
      },
      "version": "7.1.3"
    },
    "marge": {
      "options": {
        "reportDir": "cypress/reports",
        "reportFilename": "[status]_[datetime]-[name]-report",
        "timestamp": "mediumDate",
        "overWrite": false,
        "html": true,
        "json": true,
        "charts": true
      },
      "version": "6.2.0"
    }
  }
}