{
  "stats": {
    "suites": 1,
    "tests": 1,
    "passes": 0,
    "pending": 1,
    "failures": 0,
    "start": "2022-08-17T06:45:21.595Z",
    "end": "2022-08-17T06:46:05.420Z",
    "duration": 43825,
    "testsRegistered": 2,
    "passPercent": 0,
    "pendingPercent": 50,
    "other": 1,
    "hasOther": true,
    "skipped": 0,
    "hasSkipped": false
  },
  "results": [
    {
      "uuid": "152f6ceb-7704-4819-a85b-ab41b6c18acf",
      "title": "",
      "fullFile": "cypress/integration/com.ezra/day02/02navigation.js",
      "file": "cypress/integration/com.ezra/day02/02navigation.js",
      "beforeHooks": [],
      "afterHooks": [],
      "tests": [],
      "suites": [
        {
          "uuid": "8db63c25-7065-489a-a483-319b401168a7",
          "title": "Navigation",
          "fullFile": "",
          "file": "",
          "beforeHooks": [],
          "afterHooks": [],
          "tests": [
            {
              "title": "back, forward, refresh",
              "fullTitle": "Navigation back, forward, refresh",
              "timedOut": null,
              "duration": 0,
              "state": "pending",
              "speed": null,
              "pass": false,
              "fail": false,
              "pending": true,
              "context": null,
              "code": "",
              "err": {},
              "uuid": "3a0ff8ac-19bf-4051-994f-3c2da077d895",
              "parentUUID": "8db63c25-7065-489a-a483-319b401168a7",
              "isHook": false,
              "skipped": false
            },
            {
              "title": "chained navigation",
              "fullTitle": "Navigation chained navigation",
              "timedOut": null,
              "duration": 43715,
              "state": "failed",
              "speed": null,
              "pass": false,
              "fail": true,
              "pending": false,
              "context": null,
              "code": "cy.visit(\"https://qa-environment.koalaresorthotels.com/\");\ncy.contains(\"Log in\").click().go(\"back\").go(\"forward\").go(\"back\");\ncy.reload(true).contains(\"Log in\").should(\"be.visible\");",
              "err": {
                "message": "CypressError: `cy.visit()` failed trying to load:\n\nhttps://qa-environment.koalaresorthotels.com/\n\nThe response we received from your web server was:\n\n  > 503: Service Unavailable\n\nThis was considered a failure because the status code was not `2xx`.\n\nIf you do not want status codes to cause failures pass the option: `failOnStatusCode: false`",
                "estack": "CypressError: `cy.visit()` failed trying to load:\n\nhttps://qa-environment.koalaresorthotels.com/\n\nThe response we received from your web server was:\n\n  > 503: Service Unavailable\n\nThis was considered a failure because the status code was not `2xx`.\n\nIf you do not want status codes to cause failures pass the option: `failOnStatusCode: false`\n    at http://localhost:1118/__cypress/runner/cypress_runner.js:163591:84\n    at visitFailedByErr (http://localhost:1118/__cypress/runner/cypress_runner.js:162912:12)\n    at http://localhost:1118/__cypress/runner/cypress_runner.js:163571:13\n    at tryCatcher (http://localhost:1118/__cypress/runner/cypress_runner.js:13022:23)\n    at Promise._settlePromiseFromHandler (http://localhost:1118/__cypress/runner/cypress_runner.js:10957:31)\n    at Promise._settlePromise (http://localhost:1118/__cypress/runner/cypress_runner.js:11014:18)\n    at Promise._settlePromise0 (http://localhost:1118/__cypress/runner/cypress_runner.js:11059:10)\n    at Promise._settlePromises (http://localhost:1118/__cypress/runner/cypress_runner.js:11135:18)\n    at _drainQueueStep (http://localhost:1118/__cypress/runner/cypress_runner.js:7729:12)\n    at _drainQueue (http://localhost:1118/__cypress/runner/cypress_runner.js:7722:9)\n    at Async.../../node_modules/bluebird/js/release/async.js.Async._drainQueues (http://localhost:1118/__cypress/runner/cypress_runner.js:7738:5)\n    at Async.drainQueues (http://localhost:1118/__cypress/runner/cypress_runner.js:7608:14)\nFrom Your Spec Code:\n    at Context.eval (http://localhost:1118/__cypress/tests?p=cypress\\integration\\com.ezra\\day02\\02navigation.js:123:8)",
                "diff": null
              },
              "uuid": "2404d22d-7e0b-4a7a-b833-b47b6a8ee6a7",
              "parentUUID": "8db63c25-7065-489a-a483-319b401168a7",
              "isHook": false,
              "skipped": false
            }
          ],
          "suites": [],
          "passes": [],
          "failures": [
            "2404d22d-7e0b-4a7a-b833-b47b6a8ee6a7"
          ],
          "pending": [
            "3a0ff8ac-19bf-4051-994f-3c2da077d895"
          ],
          "skipped": [],
          "duration": 43715,
          "root": false,
          "rootEmpty": false,
          "_timeout": 2000
        }
      ],
      "passes": [],
      "failures": [],
      "pending": [],
      "skipped": [],
      "duration": 0,
      "root": true,
      "rootEmpty": true,
      "_timeout": 2000
    }
  ],
  "meta": {
    "mocha": {
      "version": "7.0.1"
    },
    "mochawesome": {
      "options": {
        "quiet": false,
        "reportFilename": "[status]_[datetime]-[name]-report",
        "saveHtml": true,
        "saveJson": true,
        "consoleReporter": "spec",
        "useInlineDiffs": false,
        "code": true
      },
      "version": "7.1.3"
    },
    "marge": {
      "options": {
        "reportDir": "cypress/reports",
        "reportFilename": "[status]_[datetime]-[name]-report",
        "timestamp": "mediumDate",
        "overWrite": false,
        "html": true,
        "json": true,
        "charts": true
      },
      "version": "6.2.0"
    }
  }
}