{
  "stats": {
    "suites": 1,
    "tests": 2,
    "passes": 2,
    "pending": 0,
    "failures": 0,
    "start": "2022-08-19T01:52:26.710Z",
    "end": "2022-08-19T01:52:30.665Z",
    "duration": 3955,
    "testsRegistered": 2,
    "passPercent": 100,
    "pendingPercent": 0,
    "other": 0,
    "hasOther": false,
    "skipped": 0,
    "hasSkipped": false
  },
  "results": [
    {
      "uuid": "47cb66aa-0890-4d0d-be54-1c4cd0cb180f",
      "title": "",
      "fullFile": "cypress/integration/smokeTest/01firstTest.js",
      "file": "cypress/integration/smokeTest/01firstTest.js",
      "beforeHooks": [],
      "afterHooks": [],
      "tests": [],
      "suites": [
        {
          "uuid": "678ee565-fbab-4985-896c-6c1052121f4a",
          "title": "My First Test",
          "fullFile": "",
          "file": "",
          "beforeHooks": [],
          "afterHooks": [],
          "tests": [
            {
              "title": "URL Test",
              "fullTitle": "My First Test URL Test",
              "timedOut": null,
              "duration": 1172,
              "state": "passed",
              "speed": "fast",
              "pass": true,
              "fail": false,
              "pending": false,
              "context": null,
              "code": "//it('name', ()=> {test body})\n//*visit(): to go to a website -> go to google website\ncy.visit(\"https://www.google.com/\"); //*url(): for testing url\n//?should('include', 'text') -> does it include the given text?\ncy.url().should(\"include\", \"google\");\ncy.url().should(\"include\", \"google\", \"com\");\ncy.url().should(\"include\", \"//\");\ncy.url().should(\"include\", \"\");",
              "err": {},
              "uuid": "53c42ce9-a612-4988-9d5d-95d88589a360",
              "parentUUID": "678ee565-fbab-4985-896c-6c1052121f4a",
              "isHook": false,
              "skipped": false
            },
            {
              "title": "Title Test",
              "fullTitle": "My First Test Title Test",
              "timedOut": null,
              "duration": 959,
              "state": "passed",
              "speed": "fast",
              "pass": true,
              "fail": false,
              "pending": false,
              "context": null,
              "code": "cy.visit(\"https://www.google.com/\"); //*title(): for testing title\n//?should('eq', 'text') -> is it equals to the given text?\ncy.title().should(\"eq\", \"Google\");",
              "err": {},
              "uuid": "8ef47a75-3f70-48f2-9efd-e0b1899e4198",
              "parentUUID": "678ee565-fbab-4985-896c-6c1052121f4a",
              "isHook": false,
              "skipped": false
            }
          ],
          "suites": [],
          "passes": [
            "53c42ce9-a612-4988-9d5d-95d88589a360",
            "8ef47a75-3f70-48f2-9efd-e0b1899e4198"
          ],
          "failures": [],
          "pending": [],
          "skipped": [],
          "duration": 2131,
          "root": false,
          "rootEmpty": false,
          "_timeout": 2000
        }
      ],
      "passes": [],
      "failures": [],
      "pending": [],
      "skipped": [],
      "duration": 0,
      "root": true,
      "rootEmpty": true,
      "_timeout": 2000
    }
  ],
  "meta": {
    "mocha": {
      "version": "7.0.1"
    },
    "mochawesome": {
      "options": {
        "quiet": false,
        "reportFilename": "[status]-[name]-report",
        "saveHtml": true,
        "saveJson": true,
        "consoleReporter": "spec",
        "useInlineDiffs": false,
        "code": true
      },
      "version": "7.1.3"
    },
    "marge": {
      "options": {
        "reportDir": "cypress/reports",
        "reportFilename": "[status]-[name]-report",
        "overwrite": false,
        "html": true,
        "json": true,
        "charts": true
      },
      "version": "6.2.0"
    }
  }
}