{
  "stats": {
    "suites": 1,
    "tests": 1,
    "passes": 1,
    "pending": 0,
    "failures": 0,
    "start": "2022-09-09T21:47:54.674Z",
    "end": "2022-09-09T21:47:59.636Z",
    "duration": 4962,
    "testsRegistered": 1,
    "passPercent": 100,
    "pendingPercent": 0,
    "other": 0,
    "hasOther": false,
    "skipped": 0,
    "hasSkipped": false
  },
  "results": [
    {
      "uuid": "bc25a093-76cd-43e1-b3a8-a857f2cbc683",
      "title": "",
      "fullFile": "cypress/integration/com.ezra/day08/01pomTest.js",
      "file": "cypress/integration/com.ezra/day08/01pomTest.js",
      "beforeHooks": [],
      "afterHooks": [],
      "tests": [],
      "suites": [
        {
          "uuid": "08911d09-e580-4d9e-a001-23f99b8a4ff3",
          "title": "Paylinn Bank",
          "fullFile": "",
          "file": "",
          "beforeHooks": [],
          "afterHooks": [],
          "tests": [
            {
              "title": "paylinn login test",
              "fullTitle": "Paylinn Bank paylinn login test",
              "timedOut": null,
              "duration": 3041,
              "state": "passed",
              "speed": "fast",
              "pass": true,
              "fail": false,
              "pending": false,
              "context": null,
              "code": "//! creating object\nconst homePage = new _HomePage.default();\nconst loginPage = new _LoginPage.default();\ncy.visit('https://www.paylinn.com/');\nhomePage.getSignIn().click();\nloginPage.getUserNameBox().type(data.username);\nloginPage.getUserNameBox().should('have.value', 'User');\nloginPage.getPasswordBox().type(data.password);\nloginPage.getPasswordBox().should('have.attr', 'value', data.password);\nloginPage.getLoginButton().click();\nloginPage.getWelcomeText().should('contain.text', 'Welcome');\nloginPage.getNavBarHeader().should('contain.text', 'Welcome').and('contain.text', 'React').and('contain.text', 'Logout').and('contain.text', data.username);",
              "err": {},
              "uuid": "14d75a5d-17ef-46c8-94c1-f54767d9d7eb",
              "parentUUID": "08911d09-e580-4d9e-a001-23f99b8a4ff3",
              "isHook": false,
              "skipped": false
            }
          ],
          "suites": [],
          "passes": [
            "14d75a5d-17ef-46c8-94c1-f54767d9d7eb"
          ],
          "failures": [],
          "pending": [],
          "skipped": [],
          "duration": 3041,
          "root": false,
          "rootEmpty": false,
          "_timeout": 2000
        }
      ],
      "passes": [],
      "failures": [],
      "pending": [],
      "skipped": [],
      "duration": 0,
      "root": true,
      "rootEmpty": true,
      "_timeout": 2000
    }
  ],
  "meta": {
    "mocha": {
      "version": "7.0.1"
    },
    "mochawesome": {
      "options": {
        "quiet": false,
        "reportFilename": "[status]-[name]-report",
        "saveHtml": true,
        "saveJson": true,
        "consoleReporter": "spec",
        "useInlineDiffs": false,
        "code": true
      },
      "version": "7.1.3"
    },
    "marge": {
      "options": {
        "reportDir": "cypress/reports",
        "reportFilename": "[status]-[name]-report",
        "overwrite": false,
        "html": true,
        "json": true,
        "charts": true
      },
      "version": "6.2.0"
    }
  }
}