{
  "stats": {
    "suites": 1,
    "tests": 2,
    "passes": 2,
    "pending": 0,
    "failures": 0,
    "start": "2022-08-19T01:50:31.987Z",
    "end": "2022-08-19T01:50:35.909Z",
    "duration": 3922,
    "testsRegistered": 2,
    "passPercent": 100,
    "pendingPercent": 0,
    "other": 0,
    "hasOther": false,
    "skipped": 0,
    "hasSkipped": false
  },
  "results": [
    {
      "uuid": "d61dd745-0604-4f5d-ac0c-4e3d1c9d572a",
      "title": "",
      "fullFile": "cypress/integration/smokeTest/01firstTest.js",
      "file": "cypress/integration/smokeTest/01firstTest.js",
      "beforeHooks": [],
      "afterHooks": [],
      "tests": [],
      "suites": [
        {
          "uuid": "ea8b3d43-26c0-4f59-a433-96528a5e6429",
          "title": "My First Test",
          "fullFile": "",
          "file": "",
          "beforeHooks": [],
          "afterHooks": [],
          "tests": [
            {
              "title": "URL Test",
              "fullTitle": "My First Test URL Test",
              "timedOut": null,
              "duration": 1404,
              "state": "passed",
              "speed": "fast",
              "pass": true,
              "fail": false,
              "pending": false,
              "context": null,
              "code": "//it('name', ()=> {test body})\n//*visit(): to go to a website -> go to google website\ncy.visit(\"https://www.google.com/\"); //*url(): for testing url\n//?should('include', 'text') -> does it include the given text?\ncy.url().should(\"include\", \"google\");\ncy.url().should(\"include\", \"google\", \"com\");\ncy.url().should(\"include\", \"//\");\ncy.url().should(\"include\", \"\");",
              "err": {},
              "uuid": "0cb5658b-e30b-4f6a-8aa1-e0cc19603849",
              "parentUUID": "ea8b3d43-26c0-4f59-a433-96528a5e6429",
              "isHook": false,
              "skipped": false
            },
            {
              "title": "Title Test",
              "fullTitle": "My First Test Title Test",
              "timedOut": null,
              "duration": 694,
              "state": "passed",
              "speed": "fast",
              "pass": true,
              "fail": false,
              "pending": false,
              "context": null,
              "code": "cy.visit(\"https://www.google.com/\"); //*title(): for testing title\n//?should('eq', 'text') -> is it equals to the given text?\ncy.title().should(\"eq\", \"Google\");",
              "err": {},
              "uuid": "fd58f2f7-141b-4344-acb0-ae02090095a0",
              "parentUUID": "ea8b3d43-26c0-4f59-a433-96528a5e6429",
              "isHook": false,
              "skipped": false
            }
          ],
          "suites": [],
          "passes": [
            "0cb5658b-e30b-4f6a-8aa1-e0cc19603849",
            "fd58f2f7-141b-4344-acb0-ae02090095a0"
          ],
          "failures": [],
          "pending": [],
          "skipped": [],
          "duration": 2098,
          "root": false,
          "rootEmpty": false,
          "_timeout": 2000
        }
      ],
      "passes": [],
      "failures": [],
      "pending": [],
      "skipped": [],
      "duration": 0,
      "root": true,
      "rootEmpty": true,
      "_timeout": 2000
    }
  ],
  "meta": {
    "mocha": {
      "version": "7.0.1"
    },
    "mochawesome": {
      "options": {
        "quiet": false,
        "reportFilename": "[status]-[name]-report",
        "saveHtml": true,
        "saveJson": true,
        "consoleReporter": "spec",
        "useInlineDiffs": false,
        "code": true
      },
      "version": "7.1.3"
    },
    "marge": {
      "options": {
        "reportDir": "cypress/reports",
        "reportFilename": "[status]-[name]-report",
        "overwrite": false,
        "html": true,
        "json": true,
        "charts": true
      },
      "version": "6.2.0"
    }
  }
}