{
  "stats": {
    "suites": 1,
    "tests": 1,
    "passes": 1,
    "pending": 0,
    "failures": 0,
    "start": "2022-08-17T06:46:07.288Z",
    "end": "2022-08-17T06:46:12.929Z",
    "duration": 5641,
    "testsRegistered": 1,
    "passPercent": 100,
    "pendingPercent": 0,
    "other": 0,
    "hasOther": false,
    "skipped": 0,
    "hasSkipped": false
  },
  "results": [
    {
      "uuid": "117f808b-1863-4e95-97bd-5a25d1a73e74",
      "title": "",
      "fullFile": "cypress/integration/com.ezra/day02/03dropdown.js",
      "file": "cypress/integration/com.ezra/day02/03dropdown.js",
      "beforeHooks": [],
      "afterHooks": [],
      "tests": [],
      "suites": [
        {
          "uuid": "c051c019-4316-4390-b087-57677c9ed912",
          "title": "dropdown",
          "fullFile": "",
          "file": "",
          "beforeHooks": [],
          "afterHooks": [],
          "tests": [
            {
              "title": "dropdown test",
              "fullTitle": "dropdown dropdown test",
              "timedOut": null,
              "duration": 3817,
              "state": "passed",
              "speed": "fast",
              "pass": true,
              "fail": false,
              "pending": false,
              "context": null,
              "code": "cy.visit(\"https://the-internet.herokuapp.com/dropdown\");\ncy.get(\"#dropdown\").select(\"Option 1\").should(\"have.value\", \"1\");\ncy.wait(3000);\ncy.get(\"#dropdown\").select(\"Option 2\").should(\"have.value\", \"2\");",
              "err": {},
              "uuid": "06760919-d9d5-4704-90e3-71e4ded7f2f9",
              "parentUUID": "c051c019-4316-4390-b087-57677c9ed912",
              "isHook": false,
              "skipped": false
            }
          ],
          "suites": [],
          "passes": [
            "06760919-d9d5-4704-90e3-71e4ded7f2f9"
          ],
          "failures": [],
          "pending": [],
          "skipped": [],
          "duration": 3817,
          "root": false,
          "rootEmpty": false,
          "_timeout": 2000
        }
      ],
      "passes": [],
      "failures": [],
      "pending": [],
      "skipped": [],
      "duration": 0,
      "root": true,
      "rootEmpty": true,
      "_timeout": 2000
    }
  ],
  "meta": {
    "mocha": {
      "version": "7.0.1"
    },
    "mochawesome": {
      "options": {
        "quiet": false,
        "reportFilename": "[status]_[datetime]-[name]-report",
        "saveHtml": true,
        "saveJson": true,
        "consoleReporter": "spec",
        "useInlineDiffs": false,
        "code": true
      },
      "version": "7.1.3"
    },
    "marge": {
      "options": {
        "reportDir": "cypress/reports",
        "reportFilename": "[status]_[datetime]-[name]-report",
        "timestamp": "mediumDate",
        "overWrite": false,
        "html": true,
        "json": true,
        "charts": true
      },
      "version": "6.2.0"
    }
  }
}